{"uuid":"58393aa2-a851-4322-b48a-a22dcd8c2eb6","historyId":"212a225ed00a88c66f6733d2498b594","fullName":"tests.CatalogTests.test","labels":[{"name":"package","value":"tests.CatalogTests"},{"name":"testClass","value":"tests.CatalogTests"},{"name":"testMethod","value":"test"},{"name":"parentSuite","value":"Default Suite"},{"name":"suite","value":"QAtestLab"},{"name":"subSuite","value":"tests.CatalogTests"},{"name":"host","value":"Infinity"},{"name":"thread","value":"6172@Infinity.main(1)"}],"links":[],"name":"test","status":"broken","statusDetails":{"known":false,"muted":false,"flaky":false,"message":"Expected condition failed: waiting for presence of element located by: By.xpath: //*[@id=\"subtab-AdminProducts\"]//a (tried for 12 second(s) with 500 MILLISECONDS interval)","trace":"org.openqa.selenium.TimeoutException: Expected condition failed: waiting for presence of element located by: By.xpath: //*[@id=\"subtab-AdminProducts\"]//a (tried for 12 second(s) with 500 MILLISECONDS interval)\r\n\tat org.openqa.selenium.support.ui.WebDriverWait.timeoutException(WebDriverWait.java:82)\r\n\tat org.openqa.selenium.support.ui.FluentWait.until(FluentWait.java:231)\r\n\tat config.Helpers.clickJS(Helpers.java:90)\r\n\tat pages.CatalogPage.getProductSubPage(CatalogPage.java:18)\r\n\tat tests.CatalogTests.test(CatalogTests.java:12)\r\n\tat sun.reflect.NativeMethodAccessorImpl.invoke0(Native Method)\r\n\tat sun.reflect.NativeMethodAccessorImpl.invoke(NativeMethodAccessorImpl.java:62)\r\n\tat sun.reflect.DelegatingMethodAccessorImpl.invoke(DelegatingMethodAccessorImpl.java:43)\r\n\tat java.lang.reflect.Method.invoke(Method.java:498)\r\n\tat org.testng.internal.MethodInvocationHelper.invokeMethod(MethodInvocationHelper.java:124)\r\n\tat org.testng.internal.Invoker.invokeMethod(Invoker.java:571)\r\n\tat org.testng.internal.Invoker.invokeTestMethod(Invoker.java:707)\r\n\tat org.testng.internal.Invoker.invokeTestMethods(Invoker.java:979)\r\n\tat org.testng.internal.TestMethodWorker.invokeTestMethods(TestMethodWorker.java:125)\r\n\tat org.testng.internal.TestMethodWorker.run(TestMethodWorker.java:109)\r\n\tat org.testng.TestRunner.privateRun(TestRunner.java:648)\r\n\tat org.testng.TestRunner.run(TestRunner.java:505)\r\n\tat org.testng.SuiteRunner.runTest(SuiteRunner.java:455)\r\n\tat org.testng.SuiteRunner.runSequentially(SuiteRunner.java:450)\r\n\tat org.testng.SuiteRunner.privateRun(SuiteRunner.java:415)\r\n\tat org.testng.SuiteRunner.run(SuiteRunner.java:364)\r\n\tat org.testng.SuiteRunnerWorker.runSuite(SuiteRunnerWorker.java:52)\r\n\tat org.testng.SuiteRunnerWorker.run(SuiteRunnerWorker.java:84)\r\n\tat org.testng.TestNG.runSuitesSequentially(TestNG.java:1187)\r\n\tat org.testng.TestNG.runSuitesLocally(TestNG.java:1116)\r\n\tat org.testng.TestNG.runSuites(TestNG.java:1028)\r\n\tat org.testng.TestNG.run(TestNG.java:996)\r\n\tat org.testng.IDEARemoteTestNG.run(IDEARemoteTestNG.java:72)\r\n\tat org.testng.RemoteTestNGStarter.main(RemoteTestNGStarter.java:123)\r\nCaused by: org.openqa.selenium.NoSuchElementException: Cannot locate an element using By.xpath: //*[@id=\"subtab-AdminProducts\"]//a\nFor documentation on this error, please visit: http://seleniumhq.org/exceptions/no_such_element.html\nBuild info: version: '3.8.1', revision: '6e95a6684b', time: '2017-12-01T18:33:54.468Z'\nSystem info: host: 'INFINITY', ip: '192.168.1.139', os.name: 'Windows 7', os.arch: 'amd64', os.version: '6.1', java.version: '1.8.0_121'\nDriver info: driver.version: unknown\r\n\tat org.openqa.selenium.support.ui.ExpectedConditions.lambda$findElement$0(ExpectedConditions.java:882)\r\n\tat java.util.Optional.orElseThrow(Optional.java:290)\r\n\tat org.openqa.selenium.support.ui.ExpectedConditions.findElement(ExpectedConditions.java:881)\r\n\tat org.openqa.selenium.support.ui.ExpectedConditions.access$000(ExpectedConditions.java:43)\r\n\tat org.openqa.selenium.support.ui.ExpectedConditions$6.apply(ExpectedConditions.java:182)\r\n\tat org.openqa.selenium.support.ui.ExpectedConditions$6.apply(ExpectedConditions.java:179)\r\n\tat org.openqa.selenium.support.ui.FluentWait.until(FluentWait.java:208)\r\n\t... 27 more\r\n"},"stage":"finished","start":1518256898769,"stop":1518256919039,"steps":[{"name":"В поле By.xpath: //input[@id=\"email\"] вводится значение webinar.test@gmail.com","status":"passed","stage":"finished","start":1518256898856,"stop":1518256899798,"parameters":[{"name":"element","value":"By.xpath: //input[@id=\"email\"]"},{"name":"value","value":"webinar.test@gmail.com"}]},{"name":"В поле By.xpath: //input[@id=\"passwd\"] вводится значение Xcg7299bnSmMuRLp9ITw","status":"passed","stage":"finished","start":1518256899799,"stop":1518256900343,"parameters":[{"name":"element","value":"By.xpath: //input[@id=\"passwd\"]"},{"name":"value","value":"Xcg7299bnSmMuRLp9ITw"}]},{"name":"Клик по элементу: By.xpath: //*[@class=\"form-group row-padding-top\"]//button[@name=\"submitLogin\"]","status":"passed","stage":"finished","start":1518256900344,"stop":1518256900619,"parameters":[{"name":"element","value":"By.xpath: //*[@class=\"form-group row-padding-top\"]//button[@name=\"submitLogin\"]"}]},{"name":"log","status":"passed","stage":"finished","start":1518256903208,"stop":1518256903209,"parameters":[{"name":"logMessage","value":"Сравнение фактического  результата Пульт с ожидаемым Пульт"}]},{"name":"Клик по элементу: By.xpath: //*[@id='subtab-AdminCatalog']","status":"passed","stage":"finished","start":1518256903214,"stop":1518256906874,"parameters":[{"name":"element","value":"By.xpath: //*[@id='subtab-AdminCatalog']"}]}],"parameters":[]}